android/app/proguard-rules.pro
# Flutter
-keep class io.flutter.app.** { *; }
-keep class io.flutter.plugin.** { *; }
-keep class io.flutter.util.** { *; }
-keep class io.flutter.view.** { *; }
-keep class io.flutter.embedding.** { *; }

# Supabase & dependencies
-keep class io.supabase.** { *; }
-keep class io.github.janivollmer.** { *; }