android/app/build/outputs/mapping/release/seeds.txt
com.aplikasi.dompet.MainActivity
com.aplikasi.dompet.MainActivity: MainActivity()
...
androidx.appcompat.widget.AppCompatImageButton: void setBackgroundDrawable(android.graphics.drawable.Drawable)
io.flutter.embedding.engine.renderer.FlutterRenderer$ImageReaderSurfaceProducer: long id()
io.flutter.embedding.android.FlutterSurfaceView: io.flutter.embedding.engine.renderer.FlutterRenderer getAttachedRenderer()
org.chromium.support_lib_boundary.StaticsBoundaryInterface: void initSafeBrowsing(android.content.Context,android.webkit.ValueCallback)
io.flutter.embedding.engine.FlutterJNI: void cleanupMessageData(long)
org.chromium.support_lib_boundary.WebViewProviderBoundaryInterface: void removeWebMessageListener(java.lang.String)
androidx.appcompat.widget.SwitchCompat: void setSwitchTypeface(android.graphics.Typeface)
androidx.core.view.accessibility.AccessibilityNodeInfoCompat$Api34Impl: void setAccessibilityDataSensitive(android.view.accessibility.AccessibilityNodeInfo,boolean)
androidx.appcompat.widget.SearchView: void setOnQueryTextListener(androidx.appcompat.widget.SearchView$OnQueryTextListener)
androidx.core.view.ViewConfigurationCompat$Api26Impl: float getScaledHorizontalScrollFactor(android.view.ViewConfiguration)
org.chromium.support_lib_boundary.WebSettingsBoundaryInterface: void setUserAgentMetadataFromMap(java.util.Map)
androidx.appcompat.widget.LinearLayoutCompat: void setShowDividers(int)
androidx.core.widget.TextViewCompat$Api28Impl: java.lang.String[] getDigitStrings(android.icu.text.DecimalFormatSymbols)
androidx.core.view.WindowInsetsCompat$Impl28: WindowInsetsCompat$Impl28(androidx.core.view.WindowInsetsCompat,android.view.WindowInsets)
androidx.core.view.ViewCompat$Api28Impl: void setScreenReaderFocusable(android.view.View,boolean)
androidx.appcompat.widget.DropDownListView: void setListSelectionHidden(boolean)
io.flutter.view.TextureRegistry$GLTextureConsumer: android.graphics.SurfaceTexture getSurfaceTexture()
io.flutter.embedding.android.FlutterImageView: io.flutter.embedding.engine.renderer.FlutterRenderer getAttachedRenderer()
org.chromium.support_lib_boundary.ProfileBoundaryInterface: void clearPrefetch(java.lang.String,android.webkit.ValueCallback)
androidx.appcompat.view.menu.ListMenuItemView: void setTitle(java.lang.CharSequence)
androidx.appcompat.widget.Toolbar: void setCollapseContentDescription(java.lang.CharSequence)
org.chromium.support_lib_boundary.ProxyControllerBoundaryInterface: void clearProxyOverride(java.lang.Runnable,java.util.concurrent.Executor)
androidx.appcompat.widget.ActionMenuView: void setPopupTheme(int)
androidx.core.view.WindowInsetsCompat$Impl: void setOverriddenInsets(androidx.core.graphics.Insets[])
androidx.appcompat.view.menu.ListMenuItemView: void setIcon(android.graphics.drawable.Drawable)
androidx.core.graphics.drawable.IconCompat: IconCompat()
io.flutter.embedding.engine.FlutterJNI: boolean nativeFlutterTextUtilsIsRegionalIndicator(int)
androidx.recyclerview.widget.RecyclerView: void setViewCacheExtension(androidx.recyclerview.widget.RecyclerView$ViewCacheExtension)
androidx.preference.PreferenceGroup: PreferenceGroup(android.content.Context,android.util.AttributeSet)
androidx.recyclerview.widget.RecyclerView: void setScrollingTouchSlop(int)
io.flutter.embedding.engine.renderer.FlutterRenderer$ImageReaderSurfaceProducer: void scheduleFrame()
io.flutter.embedding.engine.renderer.FlutterRenderer$DisplayFeatureType: io.flutter.embedding.engine.renderer.FlutterRenderer$DisplayFeatureType[] values()
androidx.datastore.preferences.protobuf.ProtoSyntax: androidx.datastore.preferences.protobuf.ProtoSyntax[] values()
androidx.appcompat.view.menu.ListMenuItemView: androidx.appcompat.view.menu.MenuItemImpl getItemData()
io.flutter.embedding.engine.renderer.FlutterRenderer$ImageReaderSurfaceProducer: void disableFenceForTest()
org.chromium.support_lib_boundary.WebSettingsBoundaryInterface: int getWebauthnSupport()
org.chromium.support_lib_boundary.DropDataContentProviderBoundaryInterface: void setClearCachedDataIntervalMs(int)