android/app/build/outputs/mapping/release/mapping.txt
# compiler: R8
# compiler_version: 8.1.56
# min_api: 21
# common_typos_disable
# {"id":"com.android.tools.r8.mapping","version":"2.2"}
# pg_map_id: 5824188
# pg_map_hash: SHA-256 58241881933c25736c34e5baeb49f6b288409a57d46db0de8245db56fb85ab1e
...
io.flutter.plugins.sharedpreferences.SharedPreferencesAsyncApi$Companion$$ExternalSyntheticLambda12 -> c2.s:
# {"id":"sourceFile","fileName":"R8$$SyntheticClass"}
# {"id":"com.android.tools.r8.synthesized"}
    io.flutter.plugins.sharedpreferences.SharedPreferencesAsyncApi io.flutter.plugins.sharedpreferences.SharedPreferencesAsyncApi$Companion$$InternalSyntheticLambda$1$b542e04dbb1d3439edab569b6ecde20344eeae9ef8fff2394991ae21e140d365$7.f$0 -> a
    1:1:void io.flutter.plugins.sharedpreferences.SharedPreferencesAsyncApi$Companion$$InternalSyntheticLambda$1$b542e04dbb1d3439edab569b6ecde20344eeae9ef8fff2394991ae21e140d365$7.<init>(io.flutter.plugins.sharedpreferences.SharedPreferencesAsyncApi):0:0 -> <init>
      # {"id":"com.android.tools.r8.synthesized"}
      # {"id":"com.android.tools.r8.residualsignature","signature":"(Lc2/e0;)V"}
    1:1:void io.flutter.plugins.sharedpreferences.SharedPreferencesAsyncApi$Companion$$InternalSyntheticLambda$1$b542e04dbb1d3439edab569b6ecde20344eeae9ef8fff2394991ae21e140d365$7.onMessage(java.lang.Object,io.flutter.plugin.common.BasicMessageChannel$Reply):0:0 -> a
      # {"id":"com.android.tools.r8.synthesized"}
      # {"id":"com.android.tools.r8.residualsignature","signature":"(Ljava/lang/Object;Lx1/a$e;)V"}
io.flutter.plugins.sharedpreferences.SharedPreferencesAsyncApi$Companion$$ExternalSyntheticLambda13 -> c2.t:
# {"id":"sourceFile","fileName":"R8$$SyntheticClass"}
# {"id":"com.android.tools.r8.synthesized"}
    io.flutter.plugins.sharedpreferences.SharedPreferencesAsyncApi io.flutter.plugins.sharedpreferences.SharedPreferencesAsyncApi$Companion$$InternalSyntheticLambda$1$b542e04dbb1d3439edab569b6ecde20344eeae9ef8fff2394991ae21e140d365$8.f$0 -> a
    1:1:void io.flutter.plugins.sharedpreferences.SharedPreferencesAsyncApi$Companion$$InternalSyntheticLambda$1$b542e04dbb1d3439edab569b6ecde20344eeae9ef8fff2394991ae21e140d365$8.<init>(io.flutter.plugins.sharedpreferences.SharedPreferencesAsyncApi):0:0 -> <init>
      # {"id":"com.android.tools.r8.synthesized"}
      # {"id":"com.android.tools.r8.residualsignature","signature":"(Lc2/e0;)V"}
    1:1:void io.flutter.plugins.sharedpreferences.SharedPreferencesAsyncApi$Companion$$InternalSyntheticLambda$1$b542e04dbb1d3439edab569b6ecde20344eeae9ef8fff2394991ae21e140d365$8.onMessage(java.lang.Object,io.flutter.plugin.common.BasicMessageChannel$Reply):0:0 -> a
      # {"id":"com.android.tools.r8.synthesized"}
      # {"id":"com.android.tools.r8.residualsignature","signature":"(Ljava/lang/Object;Lx1/a$e;)V"}
io.flutter.plugins.sharedpreferences.SharedPreferencesAsyncApi$Companion$$ExternalSyntheticLambda14 -> c2.u:
# {"id":"sourceFile","fileName":"R8$$SyntheticClass"}
# {"id":"com.android.tools.r8.synthesized"}
    io.flutter.plugins.sharedpreferences.SharedPreferencesAsyncApi io.flutter.plugins.sharedpreferences.SharedPreferencesAsyncApi$Companion$$InternalSyntheticLambda$1$b542e04dbb1d3439edab569b6ecde20344eeae9ef8fff2394991ae21e140d365$9.f$0 -> a
    1:1:void io.flutter.plugins.sharedpreferences.SharedPreferencesAsyncApi$Companion$$InternalSyntheticLambda$1$b542e04dbb1d3439edab569b6ecde20344eeae9ef8fff2394991ae21e140d365$9.<init>(io.flutter.plugins.sharedpreferences.SharedPreferencesAsyncApi):0:0 -> <init>
      # {"id":"com.android.tools.r8.synthesized"}
      # {"id":"com.android.tools.r8.residualsignature","signature":"(Lc2/e0;)V"}
    1:1:void io.flutter.plugins.sharedpreferences.SharedPreferencesAsyncApi$Companion$$InternalSyntheticLambda$1$b542e04dbb1d3439edab569b6ecde20344eeae9ef8fff2394991ae21e140d365$9.onMessage(java.lang.Object,io.flutter.plugin.common.BasicMessageChannel$Reply):0:0 -> a
      # {"id":"com.android.tools.r8.synthesized"}
      # {"id":"com.android.tools.r8.residualsignature","signature":"(Ljava/lang/Object;Lx1/a$e;)V"}