android/app/build/outputs/mapping/release/usage.txt
com.aplikasi.dompet.R$drawable
com.aplikasi.dompet.R$mipmap
com.aplikasi.dompet.R$style
com.aplikasi.dompet.R
...
kotlinx.coroutines.flow.internal.SafeCollector_commonKt$unsafeFlow$1$collect$1
kotlinx.coroutines.flow.internal.SafeCollector_commonKt$unsafeFlow$1
kotlinx.coroutines.flow.internal.SafeCollector_commonKt:
    public static final kotlinx.coroutines.flow.Flow unsafeFlow(kotlin.jvm.functions.Function2)
kotlinx.coroutines.flow.internal.SubscriptionCountStateFlow:
    public void <init>(int)
    public java.lang.Integer getValue()
    public synthetic bridge java.lang.Object getValue()
kotlinx.coroutines.future.CompletableFutureCoroutine
kotlinx.coroutines.future.ContinuationHandler
kotlinx.coroutines.future.FutureKt$asCompletableFuture$1
kotlinx.coroutines.future.FutureKt$asCompletableFuture$2
kotlinx.coroutines.future.FutureKt$asDeferred$2
kotlinx.coroutines.future.FutureKt$await$2$1
kotlinx.coroutines.future.FutureKt
kotlinx.coroutines.internal.AtomicOp:
    public kotlinx.coroutines.internal.AtomicOp getAtomicOp()
kotlinx.coroutines.internal.ConcurrentKt:
    public static synthetic void ReentrantLock$annotations()
    public static final java.util.Set identitySet(int)
    public static final java.lang.Object withLock(java.util.concurrent.locks.ReentrantLock,kotlin.jvm.functions.Function0)
kotlinx.coroutines.internal.ConcurrentLinkedListKt:
    private static final int POINTERS_SHIFT
    private static final boolean addConditionally$atomicfu(java.lang.Object,java.util.concurrent.atomic.AtomicIntegerFieldUpdater,int,kotlin.jvm.functions.Function1)
    private static final boolean addConditionally$atomicfu$array(java.lang.Object,java.util.concurrent.atomic.AtomicIntegerArray,int,int,kotlin.jvm.functions.Function1)
    public static final java.lang.Object findSegmentAndMoveForward$atomicfu(java.lang.Object,java.util.concurrent.atomic.AtomicReferenceFieldUpdater,long,kotlinx.coroutines.internal.Segment,kotlin.jvm.functions.Function2)
    public static final java.lang.Object findSegmentAndMoveForward$atomicfu$array(java.lang.Object,java.util.concurrent.atomic.AtomicReferenceArray,int,long,kotlinx.coroutines.internal.Segment,kotlin.jvm.functions.Function2)
    private static final void loop$atomicfu(java.util.concurrent.atomic.AtomicReferenceFieldUpdater,kotlin.jvm.functions.Function1,java.lang.Object)
    private static final void loop$atomicfu$array(java.util.concurrent.atomic.AtomicReferenceArray,int,kotlin.jvm.functions.Function1)
    public static final boolean moveForward$atomicfu(java.lang.Object,java.util.concurrent.atomic.AtomicReferenceFieldUpdater,kotlinx.coroutines.internal.Segment)
kotlinx.coroutines.internal.ConcurrentLinkedListNode:
    public final kotlinx.coroutines.internal.ConcurrentLinkedListNode nextOrIfClosed(kotlin.jvm.functions.Function0)
    private final void update$atomicfu(java.util.concurrent.atomic.AtomicReferenceFieldUpdater,kotlin.jvm.functions.Function1,java.lang.Object)
kotlinx.coroutines.internal.CoroutineExceptionHandlerImplKt:
    public static final void ensurePlatformExceptionHandlerLoaded(kotlinx.coroutines.CoroutineExceptionHandler)
kotlinx.coroutines.internal.DispatchedContinuation:
    public final void dispatchYield$kotlinx_coroutines_core(kotlin.coroutines.CoroutineContext,java.lang.Object)
    public static synthetic void get_state$kotlinx_coroutines_core$annotations()
    private final void loop$atomicfu(java.util.concurrent.atomic.AtomicReferenceFieldUpdater,kotlin.jvm.functions.Function1,java.lang.Object)
    public final void resumeCancellableWith$kotlinx_coroutines_core(java.lang.Object,kotlin.jvm.functions.Function1)
    public final boolean resumeCancelled$kotlinx_coroutines_core(java.lang.Object)
    public final void resumeUndispatchedWith$kotlinx_coroutines_core(java.lang.Object)